<?xml version="1.0" encoding="UTF-8"?>
<testsuite name="com.phonebooks.tests.CreateAccountTests" tests="1" skipped="0" failures="0" errors="0" timestamp="2025-09-16T19:53:20.409Z" hostname="STERN" time="1.819">
  <properties/>
  <testcase name="existedRegistrationNegativeTest" classname="com.phonebooks.tests.CreateAccountTests" time="1.819"/>
  <system-out><![CDATA[22:53:20.395 [Test worker] INFO  com.phonebooks.tests.TestBase -- Start test  existedRegistrationNegativeTest
22:53:22.230 [Test worker] INFO  com.phonebooks.tests.TestBase -- Stop test
]]></system-out>
  <system-err><![CDATA[]]></system-err>
</testsuite>
