<?xml version="1.0" encoding="UTF-8"?>
<testsuite name="com.phonebooks.tests.LoginTests" tests="1" skipped="0" failures="0" errors="0" timestamp="2025-09-16T19:53:22.239Z" hostname="STERN" time="0.683">
  <properties/>
  <testcase name="loginNegativeWithoutEmailTest" classname="com.phonebooks.tests.LoginTests" time="0.683"/>
  <system-out><![CDATA[22:53:22.232 [Test worker] INFO  com.phonebooks.tests.TestBase -- Start test  loginNegativeWithoutEmailTest
22:53:22.922 [Test worker] INFO  com.phonebooks.tests.TestBase -- Stop test
]]></system-out>
  <system-err><![CDATA[]]></system-err>
</testsuite>
